<?xml version="1.0" encoding="UTF-8"?>
<!-- Generated by org.testng.reporters.JUnitXMLReporter -->
<testsuite ignored="0" hostname="DESKTOP-7I3TV69" failures="0" tests="1" name="Surefire test" time="0.18" errors="0" timestamp="2025-06-26T22:31:39 IST">
  <testcase classname="com.framework.base.BaseTest" name="@BeforeMethod setup" time="-1.750957299183E9">
    <failure type="org.testng.TestNGException" message="
Parameter &amp;apos;browser&amp;apos; is required by BeforeMethod on method setup but has not been marked @Optional or defined
">
      <![CDATA[org.testng.TestNGException: 
Parameter 'browser' is required by BeforeMethod on method setup but has not been marked @Optional or defined

at java.base/java.util.ArrayList.forEach(ArrayList.java:1597)
... Removed 33 stack frames]]>
    </failure>
  </testcase> <!-- @BeforeMethod setup -->
  <testcase classname="com.framework.base.BaseTest" name="@AfterMethod tearDown" time="0.0">
    <skipped/>
  </testcase> <!-- @AfterMethod tearDown -->
  <testcase classname="com.framework.tests.GoogleSearchTest" name="verifyGoogleSearchAndClickFirstResult" time="0.0">
    <skipped/>
  </testcase> <!-- verifyGoogleSearchAndClickFirstResult -->
</testsuite> <!-- Surefire test -->
